{"/Users/kylianpisto/Documents/GitHub/sneakers/mon-ecommerce/src/lib/stripe.ts": {"path":"/Users/kylianpisto/Documents/GitHub/sneakers/mon-ecommerce/src/lib/stripe.ts","all":true,"statementMap":{"0":{"start":{"line":1,"column":0},"end":{"line":1,"column":46}},"1":{"start":{"line":2,"column":0},"end":{"line":2,"column":27}},"4":{"start":{"line":5,"column":0},"end":{"line":5,"column":100}},"5":{"start":{"line":6,"column":0},"end":{"line":6,"column":78}},"8":{"start":{"line":9,"column":0},"end":{"line":9,"column":45}},"9":{"start":{"line":10,"column":0},"end":{"line":10,"column":33}},"10":{"start":{"line":11,"column":0},"end":{"line":11,"column":2}},"13":{"start":{"line":14,"column":0},"end":{"line":14,"column":55}},"16":{"start":{"line":17,"column":0},"end":{"line":17,"column":29}},"17":{"start":{"line":18,"column":0},"end":{"line":18,"column":17}},"18":{"start":{"line":19,"column":0},"end":{"line":19,"column":18}},"19":{"start":{"line":20,"column":0},"end":{"line":20,"column":16}},"20":{"start":{"line":21,"column":0},"end":{"line":21,"column":15}},"21":{"start":{"line":22,"column":0},"end":{"line":22,"column":1}}},"s":{"0":0,"1":0,"4":0,"5":0,"8":0,"9":0,"10":0,"13":0,"16":0,"17":0,"18":0,"19":0,"20":0,"21":0},"branchMap":{"0":{"type":"branch","line":1,"loc":{"start":{"line":1,"column":614},"end":{"line":22,"column":1}},"locations":[{"start":{"line":1,"column":614},"end":{"line":22,"column":1}}]}},"b":{"0":[0]},"fnMap":{"0":{"name":"(empty-report)","decl":{"start":{"line":1,"column":614},"end":{"line":22,"column":1}},"loc":{"start":{"line":1,"column":614},"end":{"line":22,"column":1}},"line":1}},"f":{"0":0}}
,"/Users/kylianpisto/Documents/GitHub/sneakers/mon-ecommerce/src/lib/cart/calculateTotal.ts": {"path":"/Users/kylianpisto/Documents/GitHub/sneakers/mon-ecommerce/src/lib/cart/calculateTotal.ts","all":false,"statementMap":{"47":{"start":{"line":48,"column":0},"end":{"line":48,"column":35}},"48":{"start":{"line":49,"column":0},"end":{"line":49,"column":20}},"49":{"start":{"line":50,"column":0},"end":{"line":50,"column":38}},"50":{"start":{"line":51,"column":0},"end":{"line":51,"column":20}},"51":{"start":{"line":52,"column":0},"end":{"line":52,"column":9}},"52":{"start":{"line":53,"column":0},"end":{"line":53,"column":40}},"53":{"start":{"line":54,"column":0},"end":{"line":54,"column":24}},"54":{"start":{"line":55,"column":0},"end":{"line":55,"column":32}},"55":{"start":{"line":56,"column":0},"end":{"line":56,"column":11}},"56":{"start":{"line":57,"column":0},"end":{"line":57,"column":20}},"57":{"start":{"line":58,"column":0},"end":{"line":58,"column":13}},"60":{"start":{"line":61,"column":0},"end":{"line":61,"column":85}},"63":{"start":{"line":64,"column":0},"end":{"line":64,"column":62}},"66":{"start":{"line":67,"column":0},"end":{"line":67,"column":71}},"69":{"start":{"line":70,"column":0},"end":{"line":70,"column":18}},"70":{"start":{"line":71,"column":0},"end":{"line":71,"column":15}},"71":{"start":{"line":72,"column":0},"end":{"line":72,"column":39}},"72":{"start":{"line":73,"column":0},"end":{"line":73,"column":72}},"73":{"start":{"line":74,"column":0},"end":{"line":74,"column":31}},"74":{"start":{"line":75,"column":0},"end":{"line":75,"column":57}},"75":{"start":{"line":76,"column":0},"end":{"line":76,"column":7}},"76":{"start":{"line":77,"column":0},"end":{"line":77,"column":12}},"77":{"start":{"line":78,"column":0},"end":{"line":78,"column":49}},"78":{"start":{"line":79,"column":0},"end":{"line":79,"column":5}},"81":{"start":{"line":82,"column":0},"end":{"line":82,"column":58}},"82":{"start":{"line":83,"column":0},"end":{"line":83,"column":18}},"83":{"start":{"line":84,"column":0},"end":{"line":84,"column":5}},"84":{"start":{"line":85,"column":0},"end":{"line":85,"column":3}},"87":{"start":{"line":88,"column":0},"end":{"line":88,"column":84}},"89":{"start":{"line":90,"column":0},"end":{"line":90,"column":10}},"90":{"start":{"line":91,"column":0},"end":{"line":91,"column":47}},"91":{"start":{"line":92,"column":0},"end":{"line":92,"column":12}},"92":{"start":{"line":93,"column":0},"end":{"line":93,"column":14}},"93":{"start":{"line":94,"column":0},"end":{"line":94,"column":13}},"94":{"start":{"line":95,"column":0},"end":{"line":95,"column":13}},"95":{"start":{"line":96,"column":0},"end":{"line":96,"column":10}},"96":{"start":{"line":97,"column":0},"end":{"line":97,"column":12}},"97":{"start":{"line":98,"column":0},"end":{"line":98,"column":3}},"98":{"start":{"line":99,"column":0},"end":{"line":99,"column":1}},"103":{"start":{"line":104,"column":0},"end":{"line":104,"column":102}},"105":{"start":{"line":106,"column":0},"end":{"line":106,"column":58}},"106":{"start":{"line":107,"column":0},"end":{"line":107,"column":51}},"107":{"start":{"line":108,"column":0},"end":{"line":108,"column":3}},"110":{"start":{"line":111,"column":0},"end":{"line":111,"column":56}},"111":{"start":{"line":112,"column":0},"end":{"line":112,"column":84}},"112":{"start":{"line":113,"column":0},"end":{"line":113,"column":3}},"114":{"start":{"line":115,"column":0},"end":{"line":115,"column":24}},"115":{"start":{"line":116,"column":0},"end":{"line":116,"column":1}},"120":{"start":{"line":121,"column":0},"end":{"line":121,"column":79}},"121":{"start":{"line":122,"column":0},"end":{"line":122,"column":41}},"122":{"start":{"line":123,"column":0},"end":{"line":123,"column":22}},"123":{"start":{"line":124,"column":0},"end":{"line":124,"column":36}},"124":{"start":{"line":125,"column":0},"end":{"line":125,"column":19}},"125":{"start":{"line":126,"column":0},"end":{"line":126,"column":1}}},"s":{"47":1,"48":10,"49":10,"50":10,"51":10,"52":10,"53":10,"54":10,"55":10,"56":10,"57":10,"60":10,"63":10,"66":10,"69":10,"70":10,"71":4,"72":2,"73":2,"74":2,"75":2,"76":2,"77":2,"78":2,"81":4,"82":0,"83":0,"84":4,"87":10,"89":10,"90":10,"91":10,"92":10,"93":10,"94":10,"95":10,"96":10,"97":10,"98":10,"103":1,"105":3,"106":1,"107":1,"110":3,"111":1,"112":1,"114":1,"115":1,"120":1,"121":1,"122":1,"123":1,"124":1,"125":1},"branchMap":{"0":{"type":"branch","line":48,"loc":{"start":{"line":48,"column":7},"end":{"line":99,"column":1}},"locations":[{"start":{"line":48,"column":7},"end":{"line":99,"column":1}}]},"1":{"type":"branch","line":67,"loc":{"start":{"line":67,"column":31},"end":{"line":67,"column":59}},"locations":[{"start":{"line":67,"column":31},"end":{"line":67,"column":59}}]},"2":{"type":"branch","line":67,"loc":{"start":{"line":67,"column":55},"end":{"line":67,"column":71}},"locations":[{"start":{"line":67,"column":55},"end":{"line":67,"column":71}}]},"3":{"type":"branch","line":71,"loc":{"start":{"line":71,"column":14},"end":{"line":85,"column":3}},"locations":[{"start":{"line":71,"column":14},"end":{"line":85,"column":3}}]},"4":{"type":"branch","line":72,"loc":{"start":{"line":72,"column":38},"end":{"line":79,"column":5}},"locations":[{"start":{"line":72,"column":38},"end":{"line":79,"column":5}}]},"5":{"type":"branch","line":82,"loc":{"start":{"line":82,"column":57},"end":{"line":84,"column":5}},"locations":[{"start":{"line":82,"column":57},"end":{"line":84,"column":5}}]},"6":{"type":"branch","line":61,"loc":{"start":{"line":61,"column":32},"end":{"line":61,"column":83}},"locations":[{"start":{"line":61,"column":32},"end":{"line":61,"column":83}}]},"7":{"type":"branch","line":104,"loc":{"start":{"line":104,"column":7},"end":{"line":116,"column":1}},"locations":[{"start":{"line":104,"column":7},"end":{"line":116,"column":1}}]},"8":{"type":"branch","line":106,"loc":{"start":{"line":106,"column":13},"end":{"line":106,"column":57}},"locations":[{"start":{"line":106,"column":13},"end":{"line":106,"column":57}}]},"9":{"type":"branch","line":106,"loc":{"start":{"line":106,"column":57},"end":{"line":108,"column":3}},"locations":[{"start":{"line":106,"column":57},"end":{"line":108,"column":3}}]},"10":{"type":"branch","line":108,"loc":{"start":{"line":108,"column":2},"end":{"line":111,"column":55}},"locations":[{"start":{"line":108,"column":2},"end":{"line":111,"column":55}}]},"11":{"type":"branch","line":111,"loc":{"start":{"line":111,"column":55},"end":{"line":116,"column":1}},"locations":[{"start":{"line":111,"column":55},"end":{"line":116,"column":1}}]},"12":{"type":"branch","line":121,"loc":{"start":{"line":121,"column":7},"end":{"line":126,"column":1}},"locations":[{"start":{"line":121,"column":7},"end":{"line":126,"column":1}}]}},"b":{"0":[10],"1":[9],"2":[1],"3":[4],"4":[2],"5":[0],"6":[18],"7":[3],"8":[1],"9":[1],"10":[2],"11":[1],"12":[1]},"fnMap":{"0":{"name":"calculateCartTotal","decl":{"start":{"line":48,"column":7},"end":{"line":99,"column":1}},"loc":{"start":{"line":48,"column":7},"end":{"line":99,"column":1}},"line":48},"1":{"name":"validateCoupon","decl":{"start":{"line":104,"column":7},"end":{"line":116,"column":1}},"loc":{"start":{"line":104,"column":7},"end":{"line":116,"column":1}},"line":104},"2":{"name":"formatPrice","decl":{"start":{"line":121,"column":7},"end":{"line":126,"column":1}},"loc":{"start":{"line":121,"column":7},"end":{"line":126,"column":1}},"line":121}},"f":{"0":10,"1":3,"2":1}}
,"/Users/kylianpisto/Documents/GitHub/sneakers/mon-ecommerce/src/lib/checkout/checkoutService.ts": {"path":"/Users/kylianpisto/Documents/GitHub/sneakers/mon-ecommerce/src/lib/checkout/checkoutService.ts","all":false,"statementMap":{"5":{"start":{"line":6,"column":0},"end":{"line":6,"column":77}},"6":{"start":{"line":7,"column":0},"end":{"line":7,"column":83}},"7":{"start":{"line":8,"column":0},"end":{"line":8,"column":90}},"8":{"start":{"line":9,"column":0},"end":{"line":9,"column":71}},"48":{"start":{"line":49,"column":0},"end":{"line":49,"column":81}},"49":{"start":{"line":50,"column":0},"end":{"line":50,"column":7}},"50":{"start":{"line":51,"column":0},"end":{"line":51,"column":118}},"53":{"start":{"line":54,"column":0},"end":{"line":54,"column":71}},"54":{"start":{"line":55,"column":0},"end":{"line":55,"column":51}},"55":{"start":{"line":56,"column":0},"end":{"line":56,"column":41}},"56":{"start":{"line":57,"column":0},"end":{"line":57,"column":25}},"57":{"start":{"line":58,"column":0},"end":{"line":58,"column":33}},"58":{"start":{"line":59,"column":0},"end":{"line":59,"column":13}},"59":{"start":{"line":60,"column":0},"end":{"line":60,"column":14}},"60":{"start":{"line":61,"column":0},"end":{"line":61,"column":6}},"63":{"start":{"line":64,"column":0},"end":{"line":64,"column":56}},"64":{"start":{"line":65,"column":0},"end":{"line":65,"column":32}},"65":{"start":{"line":66,"column":0},"end":{"line":66,"column":22}},"66":{"start":{"line":67,"column":0},"end":{"line":67,"column":24}},"67":{"start":{"line":68,"column":0},"end":{"line":68,"column":29}},"68":{"start":{"line":69,"column":0},"end":{"line":69,"column":7}},"70":{"start":{"line":71,"column":0},"end":{"line":71,"column":65}},"71":{"start":{"line":72,"column":0},"end":{"line":72,"column":26}},"72":{"start":{"line":73,"column":0},"end":{"line":73,"column":14}},"73":{"start":{"line":74,"column":0},"end":{"line":74,"column":23}},"74":{"start":{"line":75,"column":0},"end":{"line":75,"column":57}},"75":{"start":{"line":76,"column":0},"end":{"line":76,"column":7}},"76":{"start":{"line":77,"column":0},"end":{"line":77,"column":5}},"79":{"start":{"line":80,"column":0},"end":{"line":80,"column":60}},"80":{"start":{"line":81,"column":0},"end":{"line":81,"column":75}},"81":{"start":{"line":82,"column":0},"end":{"line":82,"column":39}},"82":{"start":{"line":83,"column":0},"end":{"line":83,"column":17}},"83":{"start":{"line":84,"column":0},"end":{"line":84,"column":38}},"84":{"start":{"line":85,"column":0},"end":{"line":85,"column":44}},"85":{"start":{"line":86,"column":0},"end":{"line":86,"column":7}},"86":{"start":{"line":87,"column":0},"end":{"line":87,"column":5}},"88":{"start":{"line":89,"column":0},"end":{"line":89,"column":72}},"91":{"start":{"line":92,"column":0},"end":{"line":92,"column":44}},"92":{"start":{"line":93,"column":0},"end":{"line":93,"column":20}},"93":{"start":{"line":94,"column":0},"end":{"line":94,"column":17}},"94":{"start":{"line":95,"column":0},"end":{"line":95,"column":33}},"95":{"start":{"line":96,"column":0},"end":{"line":96,"column":34}},"96":{"start":{"line":97,"column":0},"end":{"line":97,"column":26}},"97":{"start":{"line":98,"column":0},"end":{"line":98,"column":26}},"98":{"start":{"line":99,"column":0},"end":{"line":99,"column":32}},"99":{"start":{"line":100,"column":0},"end":{"line":100,"column":24}},"100":{"start":{"line":101,"column":0},"end":{"line":101,"column":25}},"101":{"start":{"line":102,"column":0},"end":{"line":102,"column":10}},"102":{"start":{"line":103,"column":0},"end":{"line":103,"column":37}},"103":{"start":{"line":104,"column":0},"end":{"line":104,"column":37}},"104":{"start":{"line":105,"column":0},"end":{"line":105,"column":33}},"105":{"start":{"line":106,"column":0},"end":{"line":106,"column":31}},"106":{"start":{"line":107,"column":0},"end":{"line":107,"column":46}},"107":{"start":{"line":108,"column":0},"end":{"line":108,"column":21}},"108":{"start":{"line":109,"column":0},"end":{"line":109,"column":21}},"109":{"start":{"line":110,"column":0},"end":{"line":110,"column":5}},"111":{"start":{"line":112,"column":0},"end":{"line":112,"column":48}},"113":{"start":{"line":114,"column":0},"end":{"line":114,"column":12}},"114":{"start":{"line":115,"column":0},"end":{"line":115,"column":20}},"115":{"start":{"line":116,"column":0},"end":{"line":116,"column":48}},"116":{"start":{"line":117,"column":0},"end":{"line":117,"column":23}},"117":{"start":{"line":118,"column":0},"end":{"line":118,"column":5}},"119":{"start":{"line":120,"column":0},"end":{"line":120,"column":19}},"120":{"start":{"line":121,"column":0},"end":{"line":121,"column":52}},"121":{"start":{"line":122,"column":0},"end":{"line":122,"column":12}},"122":{"start":{"line":123,"column":0},"end":{"line":123,"column":21}},"123":{"start":{"line":124,"column":0},"end":{"line":124,"column":88}},"124":{"start":{"line":125,"column":0},"end":{"line":125,"column":5}},"125":{"start":{"line":126,"column":0},"end":{"line":126,"column":3}},"126":{"start":{"line":127,"column":0},"end":{"line":127,"column":1}},"132":{"start":{"line":133,"column":0},"end":{"line":133,"column":64}},"133":{"start":{"line":134,"column":0},"end":{"line":134,"column":7}},"135":{"start":{"line":136,"column":0},"end":{"line":136,"column":57}},"138":{"start":{"line":139,"column":0},"end":{"line":139,"column":49}},"139":{"start":{"line":140,"column":0},"end":{"line":140,"column":20}},"140":{"start":{"line":141,"column":0},"end":{"line":141,"column":26}},"141":{"start":{"line":142,"column":0},"end":{"line":142,"column":22}},"142":{"start":{"line":143,"column":0},"end":{"line":143,"column":18}},"143":{"start":{"line":144,"column":0},"end":{"line":144,"column":21}},"144":{"start":{"line":145,"column":0},"end":{"line":145,"column":8}},"145":{"start":{"line":146,"column":0},"end":{"line":146,"column":17}},"146":{"start":{"line":147,"column":0},"end":{"line":147,"column":23}},"147":{"start":{"line":148,"column":0},"end":{"line":148,"column":27}},"148":{"start":{"line":149,"column":0},"end":{"line":149,"column":18}},"149":{"start":{"line":150,"column":0},"end":{"line":150,"column":24}},"150":{"start":{"line":151,"column":0},"end":{"line":151,"column":22}},"151":{"start":{"line":152,"column":0},"end":{"line":152,"column":8}},"152":{"start":{"line":153,"column":0},"end":{"line":153,"column":18}},"153":{"start":{"line":154,"column":0},"end":{"line":154,"column":24}},"154":{"start":{"line":155,"column":0},"end":{"line":155,"column":22}},"155":{"start":{"line":156,"column":0},"end":{"line":156,"column":17}},"156":{"start":{"line":157,"column":0},"end":{"line":157,"column":41}},"157":{"start":{"line":158,"column":0},"end":{"line":158,"column":7}},"158":{"start":{"line":159,"column":0},"end":{"line":159,"column":5}},"160":{"start":{"line":161,"column":0},"end":{"line":161,"column":36}},"161":{"start":{"line":162,"column":0},"end":{"line":162,"column":19}},"162":{"start":{"line":163,"column":0},"end":{"line":163,"column":69}},"163":{"start":{"line":164,"column":0},"end":{"line":164,"column":15}},"164":{"start":{"line":165,"column":0},"end":{"line":165,"column":3}},"165":{"start":{"line":166,"column":0},"end":{"line":166,"column":1}},"170":{"start":{"line":171,"column":0},"end":{"line":171,"column":100}},"171":{"start":{"line":172,"column":0},"end":{"line":172,"column":51}},"172":{"start":{"line":173,"column":0},"end":{"line":173,"column":49}},"173":{"start":{"line":174,"column":0},"end":{"line":174,"column":3}},"175":{"start":{"line":176,"column":0},"end":{"line":176,"column":30}},"176":{"start":{"line":177,"column":0},"end":{"line":177,"column":57}},"177":{"start":{"line":178,"column":0},"end":{"line":178,"column":3}},"179":{"start":{"line":180,"column":0},"end":{"line":180,"column":31}},"180":{"start":{"line":181,"column":0},"end":{"line":181,"column":68}},"181":{"start":{"line":182,"column":0},"end":{"line":182,"column":3}},"183":{"start":{"line":184,"column":0},"end":{"line":184,"column":24}},"184":{"start":{"line":185,"column":0},"end":{"line":185,"column":1}}},"s":{"5":1,"6":1,"7":1,"8":1,"48":4,"49":4,"50":4,"53":4,"54":4,"55":4,"56":4,"57":4,"58":4,"59":4,"60":4,"63":4,"64":8,"65":8,"66":8,"67":8,"68":4,"70":4,"71":4,"72":1,"73":1,"74":1,"75":1,"76":1,"79":3,"80":3,"81":3,"82":3,"83":3,"84":3,"85":3,"86":3,"88":3,"91":2,"92":2,"93":2,"94":2,"95":4,"96":4,"97":4,"98":4,"99":4,"100":4,"101":2,"102":2,"103":2,"104":2,"105":2,"106":2,"107":2,"108":2,"109":2,"111":2,"113":1,"114":1,"115":1,"116":1,"117":1,"119":4,"120":2,"121":2,"122":2,"123":2,"124":2,"125":2,"126":4,"132":1,"133":1,"135":1,"138":1,"139":1,"140":1,"141":1,"142":1,"143":1,"144":1,"145":1,"146":1,"147":1,"148":1,"149":1,"150":1,"151":1,"152":1,"153":1,"154":1,"155":1,"156":1,"157":1,"158":1,"160":1,"161":1,"162":0,"163":0,"164":0,"165":1,"170":1,"171":4,"172":1,"173":1,"175":4,"176":1,"177":1,"179":4,"180":1,"181":1,"183":1,"184":1},"branchMap":{"0":{"type":"branch","line":49,"loc":{"start":{"line":49,"column":0},"end":{"line":127,"column":1}},"locations":[{"start":{"line":49,"column":0},"end":{"line":127,"column":1}}]},"1":{"type":"branch","line":54,"loc":{"start":{"line":54,"column":19},"end":{"line":54,"column":62}},"locations":[{"start":{"line":54,"column":19},"end":{"line":54,"column":62}}]},"2":{"type":"branch","line":54,"loc":{"start":{"line":54,"column":58},"end":{"line":54,"column":71}},"locations":[{"start":{"line":54,"column":58},"end":{"line":54,"column":71}}]},"3":{"type":"branch","line":72,"loc":{"start":{"line":72,"column":25},"end":{"line":77,"column":5}},"locations":[{"start":{"line":72,"column":25},"end":{"line":77,"column":5}}]},"4":{"type":"branch","line":77,"loc":{"start":{"line":77,"column":4},"end":{"line":89,"column":72}},"locations":[{"start":{"line":77,"column":4},"end":{"line":89,"column":72}}]},"5":{"type":"branch","line":89,"loc":{"start":{"line":89,"column":71},"end":{"line":112,"column":48}},"locations":[{"start":{"line":89,"column":71},"end":{"line":112,"column":48}}]},"6":{"type":"branch","line":112,"loc":{"start":{"line":112,"column":47},"end":{"line":120,"column":11}},"locations":[{"start":{"line":112,"column":47},"end":{"line":120,"column":11}}]},"7":{"type":"branch","line":120,"loc":{"start":{"line":120,"column":2},"end":{"line":126,"column":3}},"locations":[{"start":{"line":120,"column":2},"end":{"line":126,"column":3}}]},"8":{"type":"branch","line":124,"loc":{"start":{"line":124,"column":44},"end":{"line":124,"column":88}},"locations":[{"start":{"line":124,"column":44},"end":{"line":124,"column":88}}]},"9":{"type":"branch","line":64,"loc":{"start":{"line":64,"column":46},"end":{"line":69,"column":6}},"locations":[{"start":{"line":64,"column":46},"end":{"line":69,"column":6}}]},"10":{"type":"branch","line":95,"loc":{"start":{"line":95,"column":23},"end":{"line":102,"column":8}},"locations":[{"start":{"line":95,"column":23},"end":{"line":102,"column":8}}]},"11":{"type":"branch","line":133,"loc":{"start":{"line":133,"column":0},"end":{"line":166,"column":1}},"locations":[{"start":{"line":133,"column":0},"end":{"line":166,"column":1}}]},"12":{"type":"branch","line":161,"loc":{"start":{"line":161,"column":27},"end":{"line":161,"column":36}},"locations":[{"start":{"line":161,"column":27},"end":{"line":161,"column":36}}]},"13":{"type":"branch","line":162,"loc":{"start":{"line":162,"column":2},"end":{"line":165,"column":3}},"locations":[{"start":{"line":162,"column":2},"end":{"line":165,"column":3}}]},"14":{"type":"branch","line":136,"loc":{"start":{"line":136,"column":22},"end":{"line":136,"column":56}},"locations":[{"start":{"line":136,"column":22},"end":{"line":136,"column":56}}]},"15":{"type":"branch","line":171,"loc":{"start":{"line":171,"column":7},"end":{"line":185,"column":1}},"locations":[{"start":{"line":171,"column":7},"end":{"line":185,"column":1}}]},"16":{"type":"branch","line":172,"loc":{"start":{"line":172,"column":50},"end":{"line":174,"column":3}},"locations":[{"start":{"line":172,"column":50},"end":{"line":174,"column":3}}]},"17":{"type":"branch","line":174,"loc":{"start":{"line":174,"column":2},"end":{"line":176,"column":29}},"locations":[{"start":{"line":174,"column":2},"end":{"line":176,"column":29}}]},"18":{"type":"branch","line":176,"loc":{"start":{"line":176,"column":29},"end":{"line":178,"column":3}},"locations":[{"start":{"line":176,"column":29},"end":{"line":178,"column":3}}]},"19":{"type":"branch","line":178,"loc":{"start":{"line":178,"column":2},"end":{"line":180,"column":30}},"locations":[{"start":{"line":178,"column":2},"end":{"line":180,"column":30}}]},"20":{"type":"branch","line":180,"loc":{"start":{"line":180,"column":30},"end":{"line":185,"column":1}},"locations":[{"start":{"line":180,"column":30},"end":{"line":185,"column":1}}]}},"b":{"0":[4],"1":[1],"2":[3],"3":[1],"4":[3],"5":[2],"6":[1],"7":[2],"8":[0],"9":[8],"10":[4],"11":[1],"12":[0],"13":[0],"14":[1],"15":[4],"16":[1],"17":[3],"18":[1],"19":[2],"20":[1]},"fnMap":{"0":{"name":"checkout","decl":{"start":{"line":49,"column":0},"end":{"line":127,"column":1}},"loc":{"start":{"line":49,"column":0},"end":{"line":127,"column":1}},"line":49},"1":{"name":"getCoupon","decl":{"start":{"line":133,"column":0},"end":{"line":166,"column":1}},"loc":{"start":{"line":133,"column":0},"end":{"line":166,"column":1}},"line":133},"2":{"name":"mockCoupons.WELCOME10.code","decl":{"start":{"line":136,"column":22},"end":{"line":136,"column":56}},"loc":{"start":{"line":136,"column":22},"end":{"line":136,"column":56}},"line":136},"3":{"name":"validateCheckoutParams","decl":{"start":{"line":171,"column":7},"end":{"line":185,"column":1}},"loc":{"start":{"line":171,"column":7},"end":{"line":185,"column":1}},"line":171}},"f":{"0":4,"1":1,"2":1,"3":4}}
,"/Users/kylianpisto/Documents/GitHub/sneakers/mon-ecommerce/src/lib/inventory/checkAndReserveStock.ts": {"path":"/Users/kylianpisto/Documents/GitHub/sneakers/mon-ecommerce/src/lib/inventory/checkAndReserveStock.ts","all":false,"statementMap":{"29":{"start":{"line":30,"column":0},"end":{"line":30,"column":82}},"30":{"start":{"line":31,"column":0},"end":{"line":31,"column":7}},"33":{"start":{"line":34,"column":0},"end":{"line":34,"column":43}},"34":{"start":{"line":35,"column":0},"end":{"line":35,"column":33}},"36":{"start":{"line":37,"column":0},"end":{"line":37,"column":93}},"38":{"start":{"line":39,"column":0},"end":{"line":39,"column":45}},"39":{"start":{"line":40,"column":0},"end":{"line":40,"column":18}},"40":{"start":{"line":41,"column":0},"end":{"line":41,"column":38}},"41":{"start":{"line":42,"column":0},"end":{"line":42,"column":28}},"42":{"start":{"line":43,"column":0},"end":{"line":43,"column":30}},"43":{"start":{"line":44,"column":0},"end":{"line":44,"column":37}},"44":{"start":{"line":45,"column":0},"end":{"line":45,"column":38}},"45":{"start":{"line":46,"column":0},"end":{"line":46,"column":27}},"46":{"start":{"line":47,"column":0},"end":{"line":47,"column":11}},"47":{"start":{"line":48,"column":0},"end":{"line":48,"column":9}},"50":{"start":{"line":51,"column":0},"end":{"line":51,"column":80}},"52":{"start":{"line":53,"column":0},"end":{"line":53,"column":16}},"53":{"start":{"line":54,"column":0},"end":{"line":54,"column":36}},"54":{"start":{"line":55,"column":0},"end":{"line":55,"column":26}},"55":{"start":{"line":56,"column":0},"end":{"line":56,"column":28}},"56":{"start":{"line":57,"column":0},"end":{"line":57,"column":35}},"57":{"start":{"line":58,"column":0},"end":{"line":58,"column":36}},"58":{"start":{"line":59,"column":0},"end":{"line":59,"column":24}},"59":{"start":{"line":60,"column":0},"end":{"line":60,"column":9}},"60":{"start":{"line":61,"column":0},"end":{"line":61,"column":8}},"61":{"start":{"line":62,"column":0},"end":{"line":62,"column":5}},"64":{"start":{"line":65,"column":0},"end":{"line":65,"column":69}},"66":{"start":{"line":67,"column":0},"end":{"line":67,"column":23}},"68":{"start":{"line":69,"column":0},"end":{"line":69,"column":68}},"69":{"start":{"line":70,"column":0},"end":{"line":70,"column":5}},"71":{"start":{"line":72,"column":0},"end":{"line":72,"column":22}},"72":{"start":{"line":73,"column":0},"end":{"line":73,"column":19}},"73":{"start":{"line":74,"column":0},"end":{"line":74,"column":68}},"74":{"start":{"line":75,"column":0},"end":{"line":75,"column":16}},"75":{"start":{"line":76,"column":0},"end":{"line":76,"column":3}},"76":{"start":{"line":77,"column":0},"end":{"line":77,"column":1}},"82":{"start":{"line":83,"column":0},"end":{"line":83,"column":99}},"84":{"start":{"line":85,"column":0},"end":{"line":85,"column":55}},"88":{"start":{"line":89,"column":0},"end":{"line":89,"column":71}},"90":{"start":{"line":91,"column":0},"end":{"line":91,"column":18}},"91":{"start":{"line":92,"column":0},"end":{"line":92,"column":1}},"97":{"start":{"line":98,"column":0},"end":{"line":98,"column":110}},"99":{"start":{"line":100,"column":0},"end":{"line":100,"column":54}},"102":{"start":{"line":103,"column":0},"end":{"line":103,"column":85}},"103":{"start":{"line":104,"column":0},"end":{"line":104,"column":1}},"109":{"start":{"line":110,"column":0},"end":{"line":110,"column":142}},"111":{"start":{"line":112,"column":0},"end":{"line":112,"column":54}},"114":{"start":{"line":115,"column":0},"end":{"line":115,"column":71}},"115":{"start":{"line":116,"column":0},"end":{"line":116,"column":1}}},"s":{"29":0,"30":0,"33":0,"34":0,"36":0,"38":0,"39":0,"40":0,"41":0,"42":0,"43":0,"44":0,"45":0,"46":0,"47":0,"50":0,"52":0,"53":0,"54":0,"55":0,"56":0,"57":0,"58":0,"59":0,"60":0,"61":0,"64":0,"66":0,"68":0,"69":0,"71":0,"72":0,"73":0,"74":0,"75":0,"76":0,"82":0,"84":0,"88":0,"90":0,"91":0,"97":0,"99":0,"102":0,"103":0,"109":0,"111":0,"114":0,"115":0},"branchMap":{},"b":{},"fnMap":{"0":{"name":"checkAndReserveStock","decl":{"start":{"line":30,"column":0},"end":{"line":77,"column":1}},"loc":{"start":{"line":30,"column":0},"end":{"line":77,"column":1}},"line":30},"1":{"name":"getAvailableStock","decl":{"start":{"line":83,"column":0},"end":{"line":92,"column":1}},"loc":{"start":{"line":83,"column":0},"end":{"line":92,"column":1}},"line":83},"2":{"name":"reserveStock","decl":{"start":{"line":98,"column":0},"end":{"line":104,"column":1}},"loc":{"start":{"line":98,"column":0},"end":{"line":104,"column":1}},"line":98},"3":{"name":"cancelReservations","decl":{"start":{"line":110,"column":0},"end":{"line":116,"column":1}},"loc":{"start":{"line":110,"column":0},"end":{"line":116,"column":1}},"line":110}},"f":{"0":0,"1":0,"2":0,"3":0}}
,"/Users/kylianpisto/Documents/GitHub/sneakers/mon-ecommerce/src/lib/orders/persistOrder.ts": {"path":"/Users/kylianpisto/Documents/GitHub/sneakers/mon-ecommerce/src/lib/orders/persistOrder.ts","all":false,"statementMap":{"65":{"start":{"line":66,"column":0},"end":{"line":66,"column":78}},"66":{"start":{"line":67,"column":0},"end":{"line":67,"column":7}},"68":{"start":{"line":69,"column":0},"end":{"line":69,"column":58}},"70":{"start":{"line":71,"column":0},"end":{"line":71,"column":100}},"72":{"start":{"line":73,"column":0},"end":{"line":73,"column":26}},"73":{"start":{"line":74,"column":0},"end":{"line":74,"column":75}},"74":{"start":{"line":75,"column":0},"end":{"line":75,"column":18}},"75":{"start":{"line":76,"column":0},"end":{"line":76,"column":42}},"76":{"start":{"line":77,"column":0},"end":{"line":77,"column":36}},"77":{"start":{"line":78,"column":0},"end":{"line":78,"column":26}},"78":{"start":{"line":79,"column":0},"end":{"line":79,"column":32}},"79":{"start":{"line":80,"column":0},"end":{"line":80,"column":32}},"80":{"start":{"line":81,"column":0},"end":{"line":81,"column":22}},"81":{"start":{"line":82,"column":0},"end":{"line":82,"column":26}},"82":{"start":{"line":83,"column":0},"end":{"line":83,"column":24}},"83":{"start":{"line":84,"column":0},"end":{"line":84,"column":58}},"84":{"start":{"line":85,"column":0},"end":{"line":85,"column":62}},"85":{"start":{"line":86,"column":0},"end":{"line":86,"column":44}},"86":{"start":{"line":87,"column":0},"end":{"line":87,"column":46}},"87":{"start":{"line":88,"column":0},"end":{"line":88,"column":28}},"88":{"start":{"line":89,"column":0},"end":{"line":89,"column":27}},"89":{"start":{"line":90,"column":0},"end":{"line":90,"column":5}},"91":{"start":{"line":92,"column":0},"end":{"line":92,"column":100}},"93":{"start":{"line":94,"column":0},"end":{"line":94,"column":16}},"94":{"start":{"line":95,"column":0},"end":{"line":95,"column":19}},"95":{"start":{"line":96,"column":0},"end":{"line":96,"column":70}},"96":{"start":{"line":97,"column":0},"end":{"line":97,"column":54}},"97":{"start":{"line":98,"column":0},"end":{"line":98,"column":3}},"98":{"start":{"line":99,"column":0},"end":{"line":99,"column":1}},"104":{"start":{"line":105,"column":0},"end":{"line":105,"column":106}},"105":{"start":{"line":106,"column":0},"end":{"line":106,"column":7}},"107":{"start":{"line":108,"column":0},"end":{"line":108,"column":58}},"110":{"start":{"line":111,"column":0},"end":{"line":111,"column":26}},"111":{"start":{"line":112,"column":0},"end":{"line":112,"column":18}},"112":{"start":{"line":113,"column":0},"end":{"line":113,"column":36}},"113":{"start":{"line":114,"column":0},"end":{"line":114,"column":44}},"114":{"start":{"line":115,"column":0},"end":{"line":115,"column":16}},"115":{"start":{"line":116,"column":0},"end":{"line":116,"column":18}},"116":{"start":{"line":117,"column":0},"end":{"line":117,"column":18}},"117":{"start":{"line":118,"column":0},"end":{"line":118,"column":13}},"118":{"start":{"line":119,"column":0},"end":{"line":119,"column":15}},"119":{"start":{"line":120,"column":0},"end":{"line":120,"column":13}},"120":{"start":{"line":121,"column":0},"end":{"line":121,"column":28}},"121":{"start":{"line":122,"column":0},"end":{"line":122,"column":27}},"122":{"start":{"line":123,"column":0},"end":{"line":123,"column":5}},"124":{"start":{"line":125,"column":0},"end":{"line":125,"column":73}},"126":{"start":{"line":127,"column":0},"end":{"line":127,"column":16}},"127":{"start":{"line":128,"column":0},"end":{"line":128,"column":19}},"128":{"start":{"line":129,"column":0},"end":{"line":129,"column":68}},"129":{"start":{"line":130,"column":0},"end":{"line":130,"column":15}},"130":{"start":{"line":131,"column":0},"end":{"line":131,"column":3}},"131":{"start":{"line":132,"column":0},"end":{"line":132,"column":1}},"137":{"start":{"line":138,"column":0},"end":{"line":138,"column":76}},"138":{"start":{"line":139,"column":0},"end":{"line":139,"column":7}},"140":{"start":{"line":141,"column":0},"end":{"line":141,"column":57}},"143":{"start":{"line":144,"column":0},"end":{"line":144,"column":26}},"144":{"start":{"line":145,"column":0},"end":{"line":145,"column":18}},"145":{"start":{"line":146,"column":0},"end":{"line":146,"column":36}},"146":{"start":{"line":147,"column":0},"end":{"line":147,"column":44}},"147":{"start":{"line":148,"column":0},"end":{"line":148,"column":16}},"148":{"start":{"line":149,"column":0},"end":{"line":149,"column":18}},"149":{"start":{"line":150,"column":0},"end":{"line":150,"column":18}},"150":{"start":{"line":151,"column":0},"end":{"line":151,"column":13}},"151":{"start":{"line":152,"column":0},"end":{"line":152,"column":15}},"152":{"start":{"line":153,"column":0},"end":{"line":153,"column":24}},"153":{"start":{"line":154,"column":0},"end":{"line":154,"column":28}},"154":{"start":{"line":155,"column":0},"end":{"line":155,"column":27}},"155":{"start":{"line":156,"column":0},"end":{"line":156,"column":5}},"157":{"start":{"line":158,"column":0},"end":{"line":158,"column":16}},"158":{"start":{"line":159,"column":0},"end":{"line":159,"column":19}},"159":{"start":{"line":160,"column":0},"end":{"line":160,"column":74}},"160":{"start":{"line":161,"column":0},"end":{"line":161,"column":15}},"161":{"start":{"line":162,"column":0},"end":{"line":162,"column":3}},"162":{"start":{"line":163,"column":0},"end":{"line":163,"column":1}},"168":{"start":{"line":169,"column":0},"end":{"line":169,"column":84}},"169":{"start":{"line":170,"column":0},"end":{"line":170,"column":7}},"171":{"start":{"line":172,"column":0},"end":{"line":172,"column":58}},"174":{"start":{"line":175,"column":0},"end":{"line":175,"column":30}},"176":{"start":{"line":177,"column":0},"end":{"line":177,"column":17}},"177":{"start":{"line":178,"column":0},"end":{"line":178,"column":19}},"178":{"start":{"line":179,"column":0},"end":{"line":179,"column":73}},"179":{"start":{"line":180,"column":0},"end":{"line":180,"column":13}},"180":{"start":{"line":181,"column":0},"end":{"line":181,"column":3}},"181":{"start":{"line":182,"column":0},"end":{"line":182,"column":1}}},"s":{"65":0,"66":0,"68":0,"70":0,"72":0,"73":0,"74":0,"75":0,"76":0,"77":0,"78":0,"79":0,"80":0,"81":0,"82":0,"83":0,"84":0,"85":0,"86":0,"87":0,"88":0,"89":0,"91":0,"93":0,"94":0,"95":0,"96":0,"97":0,"98":0,"104":0,"105":0,"107":0,"110":0,"111":0,"112":0,"113":0,"114":0,"115":0,"116":0,"117":0,"118":0,"119":0,"120":0,"121":0,"122":0,"124":0,"126":0,"127":0,"128":0,"129":0,"130":0,"131":0,"137":0,"138":0,"140":0,"143":0,"144":0,"145":0,"146":0,"147":0,"148":0,"149":0,"150":0,"151":0,"152":0,"153":0,"154":0,"155":0,"157":0,"158":0,"159":0,"160":0,"161":0,"162":0,"168":0,"169":0,"171":0,"174":0,"176":0,"177":0,"178":0,"179":0,"180":0,"181":0},"branchMap":{},"b":{},"fnMap":{"0":{"name":"createOrder","decl":{"start":{"line":66,"column":0},"end":{"line":99,"column":1}},"loc":{"start":{"line":66,"column":0},"end":{"line":99,"column":1}},"line":66},"1":{"name":"updateOrderStatus","decl":{"start":{"line":105,"column":0},"end":{"line":132,"column":1}},"loc":{"start":{"line":105,"column":0},"end":{"line":132,"column":1}},"line":105},"2":{"name":"getOrderById","decl":{"start":{"line":138,"column":0},"end":{"line":163,"column":1}},"loc":{"start":{"line":138,"column":0},"end":{"line":163,"column":1}},"line":138},"3":{"name":"getOrdersByCustomer","decl":{"start":{"line":169,"column":0},"end":{"line":182,"column":1}},"loc":{"start":{"line":169,"column":0},"end":{"line":182,"column":1}},"line":169}},"f":{"0":0,"1":0,"2":0,"3":0}}
,"/Users/kylianpisto/Documents/GitHub/sneakers/mon-ecommerce/src/lib/payments/stripeService.ts": {"path":"/Users/kylianpisto/Documents/GitHub/sneakers/mon-ecommerce/src/lib/payments/stripeService.ts","all":false,"statementMap":{"42":{"start":{"line":43,"column":0},"end":{"line":43,"column":102}},"43":{"start":{"line":44,"column":0},"end":{"line":44,"column":7}},"46":{"start":{"line":47,"column":0},"end":{"line":47,"column":58}},"48":{"start":{"line":49,"column":0},"end":{"line":49,"column":42}},"49":{"start":{"line":50,"column":0},"end":{"line":50,"column":77}},"50":{"start":{"line":51,"column":0},"end":{"line":51,"column":95}},"51":{"start":{"line":52,"column":0},"end":{"line":52,"column":40}},"52":{"start":{"line":53,"column":0},"end":{"line":53,"column":28}},"53":{"start":{"line":54,"column":0},"end":{"line":54,"column":31}},"54":{"start":{"line":55,"column":0},"end":{"line":55,"column":5}},"56":{"start":{"line":57,"column":0},"end":{"line":57,"column":106}},"58":{"start":{"line":59,"column":0},"end":{"line":59,"column":24}},"59":{"start":{"line":60,"column":0},"end":{"line":60,"column":19}},"60":{"start":{"line":61,"column":0},"end":{"line":61,"column":73}},"61":{"start":{"line":62,"column":0},"end":{"line":62,"column":60}},"62":{"start":{"line":63,"column":0},"end":{"line":63,"column":3}},"63":{"start":{"line":64,"column":0},"end":{"line":64,"column":1}},"69":{"start":{"line":70,"column":0},"end":{"line":70,"column":120}},"70":{"start":{"line":71,"column":0},"end":{"line":71,"column":7}},"73":{"start":{"line":74,"column":0},"end":{"line":74,"column":58}},"75":{"start":{"line":76,"column":0},"end":{"line":76,"column":88}},"76":{"start":{"line":77,"column":0},"end":{"line":77,"column":70}},"78":{"start":{"line":79,"column":0},"end":{"line":79,"column":58}},"80":{"start":{"line":81,"column":0},"end":{"line":81,"column":12}},"81":{"start":{"line":82,"column":0},"end":{"line":82,"column":20}},"82":{"start":{"line":83,"column":0},"end":{"line":83,"column":22}},"83":{"start":{"line":84,"column":0},"end":{"line":84,"column":5}},"84":{"start":{"line":85,"column":0},"end":{"line":85,"column":19}},"85":{"start":{"line":86,"column":0},"end":{"line":86,"column":81}},"86":{"start":{"line":87,"column":0},"end":{"line":87,"column":65}},"87":{"start":{"line":88,"column":0},"end":{"line":88,"column":3}},"88":{"start":{"line":89,"column":0},"end":{"line":89,"column":1}},"94":{"start":{"line":95,"column":0},"end":{"line":95,"column":96}},"95":{"start":{"line":96,"column":0},"end":{"line":96,"column":7}},"97":{"start":{"line":98,"column":0},"end":{"line":98,"column":57}},"100":{"start":{"line":101,"column":0},"end":{"line":101,"column":42}},"101":{"start":{"line":102,"column":0},"end":{"line":102,"column":26}},"102":{"start":{"line":103,"column":0},"end":{"line":103,"column":100}},"103":{"start":{"line":104,"column":0},"end":{"line":104,"column":26}},"104":{"start":{"line":105,"column":0},"end":{"line":105,"column":40}},"105":{"start":{"line":106,"column":0},"end":{"line":106,"column":21}},"106":{"start":{"line":107,"column":0},"end":{"line":107,"column":5}},"108":{"start":{"line":109,"column":0},"end":{"line":109,"column":24}},"109":{"start":{"line":110,"column":0},"end":{"line":110,"column":19}},"110":{"start":{"line":111,"column":0},"end":{"line":111,"column":77}},"111":{"start":{"line":112,"column":0},"end":{"line":112,"column":15}},"112":{"start":{"line":113,"column":0},"end":{"line":113,"column":3}},"113":{"start":{"line":114,"column":0},"end":{"line":114,"column":1}}},"s":{"42":0,"43":0,"46":0,"48":0,"49":0,"50":0,"51":0,"52":0,"53":0,"54":0,"56":0,"58":0,"59":0,"60":0,"61":0,"62":0,"63":0,"69":0,"70":0,"73":0,"75":0,"76":0,"78":0,"80":0,"81":0,"82":0,"83":0,"84":0,"85":0,"86":0,"87":0,"88":0,"94":0,"95":0,"97":0,"100":0,"101":0,"102":0,"103":0,"104":0,"105":0,"106":0,"108":0,"109":0,"110":0,"111":0,"112":0,"113":0},"branchMap":{},"b":{},"fnMap":{"0":{"name":"createPaymentIntent","decl":{"start":{"line":43,"column":0},"end":{"line":64,"column":1}},"loc":{"start":{"line":43,"column":0},"end":{"line":64,"column":1}},"line":43},"1":{"name":"createCheckoutSession","decl":{"start":{"line":70,"column":0},"end":{"line":89,"column":1}},"loc":{"start":{"line":70,"column":0},"end":{"line":89,"column":1}},"line":70},"2":{"name":"getPaymentIntent","decl":{"start":{"line":95,"column":0},"end":{"line":114,"column":1}},"loc":{"start":{"line":95,"column":0},"end":{"line":114,"column":1}},"line":95}},"f":{"0":0,"1":0,"2":0}}
}
